  cl : Command line warning D9035 : option 'Gm' has been deprecated and will be removed in a future release
  GSPlay.cpp
C:\Users\Quy Co\Desktop\Programming\GameLoft\Programming\TrainingFramework\src\Helper\ThreadPool.h(37,13): warning C4477:  'printf' : format string '%d' requires an argument of type 'int', but variadic argument 1 has type 'std::thread::id'
C:\Users\Quy Co\Desktop\Programming\GameLoft\Programming\Soloud\include\soloud.h(37,1): warning C4005:  'WIN32_LEAN_AND_MEAN': macro redefinition
C:\Users\Quy Co\Desktop\Programming\GameLoft\Programming\Include\AMD\EGL\eglplatform.h(67): message :  see previous definition of 'WIN32_LEAN_AND_MEAN'
C:\Users\Quy Co\Desktop\Programming\GameLoft\Programming\TrainingFramework\src\GameStates\GSPlay.cpp(38,86): warning C4244:  'argument': conversion from 'int' to 'GLfloat', possible loss of data
C:\Users\Quy Co\Desktop\Programming\GameLoft\Programming\TrainingFramework\src\GameStates\GSPlay.cpp(38,55): warning C4244:  'argument': conversion from 'int' to 'GLfloat', possible loss of data
C:\Users\Quy Co\Desktop\Programming\GameLoft\Programming\TrainingFramework\src\GameStates\GSPlay.cpp(43,82): warning C4244:  'argument': conversion from 'int' to 'GLfloat', possible loss of data
C:\Users\Quy Co\Desktop\Programming\GameLoft\Programming\TrainingFramework\src\GameStates\GSPlay.cpp(43,51): warning C4244:  'argument': conversion from 'int' to 'GLfloat', possible loss of data
C:\Users\Quy Co\Desktop\Programming\GameLoft\Programming\TrainingFramework\src\GameStates\GSPlay.cpp(44,92): warning C4244:  'argument': conversion from 'int' to 'GLfloat', possible loss of data
C:\Users\Quy Co\Desktop\Programming\GameLoft\Programming\TrainingFramework\src\GameStates\GSPlay.cpp(44,61): warning C4244:  'argument': conversion from 'int' to 'GLfloat', possible loss of data
C:\Users\Quy Co\Desktop\Programming\GameLoft\Programming\TrainingFramework\src\GameStates\GSPlay.cpp(49,82): warning C4244:  'argument': conversion from 'int' to 'GLfloat', possible loss of data
C:\Users\Quy Co\Desktop\Programming\GameLoft\Programming\TrainingFramework\src\GameStates\GSPlay.cpp(49,51): warning C4244:  'argument': conversion from 'int' to 'GLfloat', possible loss of data
C:\Users\Quy Co\Desktop\Programming\GameLoft\Programming\TrainingFramework\src\GameStates\GSPlay.cpp(50,92): warning C4244:  'argument': conversion from 'int' to 'GLfloat', possible loss of data
C:\Users\Quy Co\Desktop\Programming\GameLoft\Programming\TrainingFramework\src\GameStates\GSPlay.cpp(50,61): warning C4244:  'argument': conversion from 'int' to 'GLfloat', possible loss of data
C:\Users\Quy Co\Desktop\Programming\GameLoft\Programming\TrainingFramework\src\GameStates\GSPlay.cpp(215,10): warning C4244:  '=': conversion from 'int' to 'GLfloat', possible loss of data
C:\Users\Quy Co\Desktop\Programming\GameLoft\Programming\TrainingFramework\src\GameStates\GSPlay.cpp(216,10): warning C4244:  '=': conversion from 'int' to 'GLfloat', possible loss of data
C:\Program Files (x86)\Microsoft Visual Studio\2019\Professional\VC\Tools\MSVC\14.21.27702\include\memory(1527,71): warning C4244:  'argument': conversion from '_Ty' to 'float', possible loss of data
C:\Program Files (x86)\Microsoft Visual Studio\2019\Professional\VC\Tools\MSVC\14.21.27702\include\memory(1527,71): warning C4244:         with
C:\Program Files (x86)\Microsoft Visual Studio\2019\Professional\VC\Tools\MSVC\14.21.27702\include\memory(1527,71): warning C4244:         [
C:\Program Files (x86)\Microsoft Visual Studio\2019\Professional\VC\Tools\MSVC\14.21.27702\include\memory(1527,71): warning C4244:             _Ty=double
C:\Program Files (x86)\Microsoft Visual Studio\2019\Professional\VC\Tools\MSVC\14.21.27702\include\memory(1527,71): warning C4244:         ]
C:\Program Files (x86)\Microsoft Visual Studio\2019\Professional\VC\Tools\MSVC\14.21.27702\include\memory(1582): message :  see reference to function template instantiation 'std::_Ref_count_obj<_Ty>::_Ref_count_obj<std::shared_ptr<Shaders>&,std::shared_ptr<Font>&,const char(&)[8],TEXT_COLOR,double>(std::shared_ptr<Shaders> &,std::shared_ptr<Font> &,const char (&)[8],TEXT_COLOR &&,double &&)' being compiled
C:\Program Files (x86)\Microsoft Visual Studio\2019\Professional\VC\Tools\MSVC\14.21.27702\include\memory(1582): message :         with
C:\Program Files (x86)\Microsoft Visual Studio\2019\Professional\VC\Tools\MSVC\14.21.27702\include\memory(1582): message :         [
C:\Program Files (x86)\Microsoft Visual Studio\2019\Professional\VC\Tools\MSVC\14.21.27702\include\memory(1582): message :             _Ty=Text
C:\Program Files (x86)\Microsoft Visual Studio\2019\Professional\VC\Tools\MSVC\14.21.27702\include\memory(1582): message :         ]
C:\Program Files (x86)\Microsoft Visual Studio\2019\Professional\VC\Tools\MSVC\14.21.27702\include\memory(1582): message :  see reference to function template instantiation 'std::_Ref_count_obj<_Ty>::_Ref_count_obj<std::shared_ptr<Shaders>&,std::shared_ptr<Font>&,const char(&)[8],TEXT_COLOR,double>(std::shared_ptr<Shaders> &,std::shared_ptr<Font> &,const char (&)[8],TEXT_COLOR &&,double &&)' being compiled
C:\Program Files (x86)\Microsoft Visual Studio\2019\Professional\VC\Tools\MSVC\14.21.27702\include\memory(1582): message :         with
C:\Program Files (x86)\Microsoft Visual Studio\2019\Professional\VC\Tools\MSVC\14.21.27702\include\memory(1582): message :         [
C:\Program Files (x86)\Microsoft Visual Studio\2019\Professional\VC\Tools\MSVC\14.21.27702\include\memory(1582): message :             _Ty=Text
C:\Program Files (x86)\Microsoft Visual Studio\2019\Professional\VC\Tools\MSVC\14.21.27702\include\memory(1582): message :         ]
  Magnet.cpp
C:\Users\Quy Co\Desktop\Programming\GameLoft\Programming\TrainingFramework\src\GameStates\GSPlay.cpp(56): message :  see reference to function template instantiation 'std::shared_ptr<Text> std::make_shared<Text,std::shared_ptr<Shaders>&,std::shared_ptr<Font>&,const char(&)[8],TEXT_COLOR,double>(std::shared_ptr<Shaders> &,std::shared_ptr<Font> &,const char (&)[8],TEXT_COLOR &&,double &&)' being compiled
C:\Users\Quy Co\Desktop\Programming\GameLoft\Programming\TrainingFramework\src\Helper\ThreadPool.h(37,13): warning C4477:  'printf' : format string '%d' requires an argument of type 'int', but variadic argument 1 has type 'std::thread::id'
C:\Users\Quy Co\Desktop\Programming\GameLoft\Programming\Soloud\include\soloud.h(37,1): warning C4005:  'WIN32_LEAN_AND_MEAN': macro redefinition
C:\Users\Quy Co\Desktop\Programming\GameLoft\Programming\Include\AMD\EGL\eglplatform.h(67): message :  see previous definition of 'WIN32_LEAN_AND_MEAN'
C:\Users\Quy Co\Desktop\Programming\GameLoft\Programming\TrainingFramework\src\GameObject\Magnet.cpp(9,21): warning C4305:  '=': truncation from 'double' to 'float'
C:\Users\Quy Co\Desktop\Programming\GameLoft\Programming\TrainingFramework\src\GameObject\Magnet.cpp(33,9): warning C4244:  'return': conversion from 'float' to 'int', possible loss of data
C:\Users\Quy Co\Desktop\Programming\GameLoft\Programming\TrainingFramework\src\GameObject\Magnet.cpp(37,23): warning C4244:  '=': conversion from 'int' to 'float', possible loss of data
C:\Users\Quy Co\Desktop\Programming\GameLoft\Programming\TrainingFramework\src\GameObject\Magnet.cpp(88,84): warning C4244:  'argument': conversion from 'int' to 'GLfloat', possible loss of data
C:\Users\Quy Co\Desktop\Programming\GameLoft\Programming\TrainingFramework\src\GameObject\Magnet.cpp(88,53): warning C4244:  'argument': conversion from 'int' to 'GLfloat', possible loss of data
C:\Users\Quy Co\Desktop\Programming\GameLoft\Programming\TrainingFramework\src\GameObject\Magnet.cpp(134,11): warning C4101:  'y': unreferenced local variable
C:\Users\Quy Co\Desktop\Programming\GameLoft\Programming\TrainingFramework\src\GameObject\Magnet.cpp(134,8): warning C4101:  'x': unreferenced local variable
C:\Users\Quy Co\Desktop\Programming\GameLoft\Programming\TrainingFramework\src\GameObject\Magnet.cpp(157,85): warning C4244:  'argument': conversion from 'int' to 'GLfloat', possible loss of data
C:\Users\Quy Co\Desktop\Programming\GameLoft\Programming\TrainingFramework\src\GameObject\Magnet.cpp(157,54): warning C4244:  'argument': conversion from 'int' to 'GLfloat', possible loss of data
  Dorayaki.cpp
C:\Users\Quy Co\Desktop\Programming\GameLoft\Programming\TrainingFramework\src\GameObject\Magnet.cpp(161,43): warning C4244:  '+=': conversion from 'float' to 'int', possible loss of data
C:\Users\Quy Co\Desktop\Programming\GameLoft\Programming\TrainingFramework\src\Helper\ThreadPool.h(37,13): warning C4477:  'printf' : format string '%d' requires an argument of type 'int', but variadic argument 1 has type 'std::thread::id'
C:\Users\Quy Co\Desktop\Programming\GameLoft\Programming\Soloud\include\soloud.h(37,1): warning C4005:  'WIN32_LEAN_AND_MEAN': macro redefinition
C:\Users\Quy Co\Desktop\Programming\GameLoft\Programming\Include\AMD\EGL\eglplatform.h(67): message :  see previous definition of 'WIN32_LEAN_AND_MEAN'
C:\Users\Quy Co\Desktop\Programming\GameLoft\Programming\TrainingFramework\src\GameObject\Dorayaki.cpp(10,21): warning C4305:  '=': truncation from 'double' to 'float'
C:\Users\Quy Co\Desktop\Programming\GameLoft\Programming\TrainingFramework\src\GameObject\Dorayaki.cpp(27,82): warning C4244:  'argument': conversion from 'int' to 'GLfloat', possible loss of data
  Generating Code...
C:\Users\Quy Co\Desktop\Programming\GameLoft\Programming\TrainingFramework\src\GameObject\Dorayaki.cpp(27,51): warning C4244:  'argument': conversion from 'int' to 'GLfloat', possible loss of data
  TrainingFramework.vcxproj -> C:\Users\Quy Co\Desktop\Programming\GameLoft\Programming\\BIN-Nvidia\TrainingFramework.exe
