c:\users\quy co\desktop\programming\gameloft\programming\trainingframework\debug-nvidia\vc142.pdb
c:\users\quy co\desktop\programming\gameloft\programming\trainingframework\debug-nvidia\vc142.idb
c:\users\quy co\desktop\programming\gameloft\programming\trainingframework\debug-nvidia\application.obj
c:\users\quy co\desktop\programming\gameloft\programming\trainingframework\debug-nvidia\sprite2d.obj
c:\users\quy co\desktop\programming\gameloft\programming\trainingframework\debug-nvidia\camera.obj
c:\users\quy co\desktop\programming\gameloft\programming\trainingframework\debug-nvidia\sprite3d.obj
c:\users\quy co\desktop\programming\gameloft\programming\trainingframework\debug-nvidia\models.obj
c:\users\quy co\desktop\programming\gameloft\programming\trainingframework\debug-nvidia\shaders.obj
c:\users\quy co\desktop\programming\gameloft\programming\trainingframework\debug-nvidia\texture.obj
c:\users\quy co\desktop\programming\gameloft\programming\trainingframework\debug-nvidia\trainingframework.obj
c:\users\quy co\desktop\programming\gameloft\programming\trainingframework\debug-nvidia\resourcemanagers.obj
c:\users\quy co\desktop\programming\gameloft\programming\trainingframework\debug-nvidia\font.obj
c:\users\quy co\desktop\programming\gameloft\programming\trainingframework\debug-nvidia\gamebutton.obj
c:\users\quy co\desktop\programming\gameloft\programming\trainingframework\debug-nvidia\text.obj
c:\users\quy co\desktop\programming\gameloft\programming\trainingframework\debug-nvidia\gamestatebase.obj
c:\users\quy co\desktop\programming\gameloft\programming\trainingframework\debug-nvidia\gamestatemachine.obj
c:\users\quy co\desktop\programming\gameloft\programming\trainingframework\debug-nvidia\gsintro.obj
c:\users\quy co\desktop\programming\gameloft\programming\trainingframework\debug-nvidia\gsmenu.obj
c:\users\quy co\desktop\programming\gameloft\programming\trainingframework\debug-nvidia\gsplay.obj
c:\users\quy co\desktop\programming\gameloft\programming\trainingframework\debug-nvidia\dorayaki.obj
c:\users\quy co\desktop\programming\gameloft\programming\trainingframework\debug-nvidia\magnet.obj
c:\users\quy co\desktop\programming\gameloft\programming\trainingframework\debug-nvidia\player.obj
c:\users\quy co\desktop\programming\gameloft\programming\trainingframework\debug-nvidia\bullet.obj
c:\users\quy co\desktop\programming\gameloft\programming\bin-nvidia\trainingframework.exe
c:\users\quy co\desktop\programming\gameloft\programming\bin-nvidia\trainingframework.ilk
c:\users\quy co\desktop\programming\gameloft\programming\bin-nvidia\trainingframework.pdb
c:\users\quy co\desktop\programming\gameloft\programming\trainingframework\debug-nvidia\explosiveeffect.obj
c:\users\quy co\desktop\programming\gameloft\programming\trainingframework\debug-nvidia\soundmanager.obj
c:\users\quy co\desktop\programming\gameloft\programming\trainingframework\debug-nvidia\spritesheet.obj
c:\users\quy co\desktop\programming\gameloft\programming\\bin-nvidia\trainingframework.pdb
c:\users\quy co\desktop\programming\gameloft\programming\\bin-nvidia\trainingframework.exe
c:\users\quy co\desktop\programming\gameloft\programming\\bin-nvidia\trainingframework.ilk
c:\users\quy co\desktop\programming\gameloft\programming\trainingframework\debug-nvidia\training.fc024ec8.tlog\cl.command.1.tlog
c:\users\quy co\desktop\programming\gameloft\programming\trainingframework\debug-nvidia\training.fc024ec8.tlog\cl.read.1.tlog
c:\users\quy co\desktop\programming\gameloft\programming\trainingframework\debug-nvidia\training.fc024ec8.tlog\cl.write.1.tlog
c:\users\quy co\desktop\programming\gameloft\programming\trainingframework\debug-nvidia\training.fc024ec8.tlog\link.10192.delete.1.tlog
c:\users\quy co\desktop\programming\gameloft\programming\trainingframework\debug-nvidia\training.fc024ec8.tlog\link.10760.delete.1.tlog
c:\users\quy co\desktop\programming\gameloft\programming\trainingframework\debug-nvidia\training.fc024ec8.tlog\link.10904.delete.1.tlog
c:\users\quy co\desktop\programming\gameloft\programming\trainingframework\debug-nvidia\training.fc024ec8.tlog\link.10936.delete.1.tlog
c:\users\quy co\desktop\programming\gameloft\programming\trainingframework\debug-nvidia\training.fc024ec8.tlog\link.11112.delete.1.tlog
c:\users\quy co\desktop\programming\gameloft\programming\trainingframework\debug-nvidia\training.fc024ec8.tlog\link.11920.delete.1.tlog
c:\users\quy co\desktop\programming\gameloft\programming\trainingframework\debug-nvidia\training.fc024ec8.tlog\link.14096.delete.1.tlog
c:\users\quy co\desktop\programming\gameloft\programming\trainingframework\debug-nvidia\training.fc024ec8.tlog\link.4620.delete.1.tlog
c:\users\quy co\desktop\programming\gameloft\programming\trainingframework\debug-nvidia\training.fc024ec8.tlog\link.6836.delete.1.tlog
c:\users\quy co\desktop\programming\gameloft\programming\trainingframework\debug-nvidia\training.fc024ec8.tlog\link.7184.delete.1.tlog
c:\users\quy co\desktop\programming\gameloft\programming\trainingframework\debug-nvidia\training.fc024ec8.tlog\link.8340.delete.1.tlog
c:\users\quy co\desktop\programming\gameloft\programming\trainingframework\debug-nvidia\training.fc024ec8.tlog\link.876.delete.1.tlog
c:\users\quy co\desktop\programming\gameloft\programming\trainingframework\debug-nvidia\training.fc024ec8.tlog\link.command.1.tlog
c:\users\quy co\desktop\programming\gameloft\programming\trainingframework\debug-nvidia\training.fc024ec8.tlog\link.delete.1.tlog
c:\users\quy co\desktop\programming\gameloft\programming\trainingframework\debug-nvidia\training.fc024ec8.tlog\link.read.1.tlog
c:\users\quy co\desktop\programming\gameloft\programming\trainingframework\debug-nvidia\training.fc024ec8.tlog\link.write.1.tlog
