c:\users\quy co\desktop\programming\gameloft\programming\soloud\debug\soloud.pdb
c:\users\quy co\desktop\programming\gameloft\programming\soloud\debug\soloud_oss.obj
c:\users\quy co\desktop\programming\gameloft\programming\soloud\debug\soloud_opensles.obj
c:\users\quy co\desktop\programming\gameloft\programming\soloud\debug\soloud_null.obj
c:\users\quy co\desktop\programming\gameloft\programming\soloud\debug\soloud_coreaudio.obj
c:\users\quy co\desktop\programming\gameloft\programming\soloud\debug\soloud_wavstream.obj
c:\users\quy co\desktop\programming\gameloft\programming\soloud\debug\soloud_wav.obj
c:\users\quy co\desktop\programming\gameloft\programming\soloud\debug\dr_impl.obj
c:\users\quy co\desktop\programming\gameloft\programming\soloud\debug\soloud_vizsn.obj
c:\users\quy co\desktop\programming\gameloft\programming\soloud\debug\soloud_vic.obj
c:\users\quy co\desktop\programming\gameloft\programming\soloud\debug\ted.obj
c:\users\quy co\desktop\programming\gameloft\programming\soloud\debug\soloud_tedsid.obj
c:\users\quy co\desktop\programming\gameloft\programming\soloud\debug\sid.obj
c:\users\quy co\desktop\programming\gameloft\programming\soloud\debug\tts.obj
c:\users\quy co\desktop\programming\gameloft\programming\soloud\debug\soloud_speech.obj
c:\users\quy co\desktop\programming\gameloft\programming\soloud\debug\resonator.obj
c:\users\quy co\desktop\programming\gameloft\programming\soloud\debug\klatt.obj
c:\users\quy co\desktop\programming\gameloft\programming\soloud\debug\darray.obj
c:\users\quy co\desktop\programming\gameloft\programming\soloud\debug\soloud_sfxr.obj
c:\users\quy co\desktop\programming\gameloft\programming\soloud\debug\soloud_openmpt.obj
c:\users\quy co\desktop\programming\gameloft\programming\soloud\debug\soloud_monotone.obj
c:\users\quy co\desktop\programming\gameloft\programming\soloud\debug\soloud_fader.obj
c:\users\quy co\desktop\programming\gameloft\programming\soloud\debug\soloud_core_voiceops.obj
c:\users\quy co\desktop\programming\gameloft\programming\soloud\debug\soloud_core_voicegroup.obj
c:\users\quy co\desktop\programming\gameloft\programming\soloud\debug\soloud_core_setters.obj
c:\users\quy co\desktop\programming\gameloft\programming\soloud\debug\soloud_core_getters.obj
c:\users\quy co\desktop\programming\gameloft\programming\soloud\debug\soloud_core_filterops.obj
c:\users\quy co\desktop\programming\gameloft\programming\soloud\debug\soloud_core_faderops.obj
c:\users\quy co\desktop\programming\gameloft\programming\soloud\debug\soloud_core_basicops.obj
c:\users\quy co\desktop\programming\gameloft\programming\soloud\debug\soloud_core_3d.obj
c:\users\quy co\desktop\programming\gameloft\programming\soloud\debug\soloud_bus.obj
c:\users\quy co\desktop\programming\gameloft\programming\soloud\debug\soloud_audiosource.obj
c:\users\quy co\desktop\programming\gameloft\programming\soloud\debug\soloud.obj
c:\users\quy co\desktop\programming\gameloft\programming\soloud\debug\soloud_xaudio2.obj
c:\users\quy co\desktop\programming\gameloft\programming\soloud\debug\soloud_winmm.obj
c:\users\quy co\desktop\programming\gameloft\programming\soloud\debug\soloud_wasapi.obj
c:\users\quy co\desktop\programming\gameloft\programming\soloud\debug\soloud_sdl_static.obj
c:\users\quy co\desktop\programming\gameloft\programming\soloud\debug\soloud_sdl2.obj
c:\users\quy co\desktop\programming\gameloft\programming\soloud\debug\soloud_sdl1.obj
c:\users\quy co\desktop\programming\gameloft\programming\soloud\debug\soloud_sdl2_static.obj
c:\users\quy co\desktop\programming\gameloft\programming\soloud\debug\soloud_portaudio.obj
c:\users\quy co\desktop\programming\gameloft\programming\soloud\debug\sanity.obj
c:\users\quy co\desktop\programming\gameloft\programming\soloud\debug\main.obj
c:\users\quy co\desktop\programming\gameloft\programming\soloud\debug\soloud_waveshaperfilter.obj
c:\users\quy co\desktop\programming\gameloft\programming\soloud\debug\soloud_robotizefilter.obj
c:\users\quy co\desktop\programming\gameloft\programming\soloud\debug\soloud_lofifilter.obj
c:\users\quy co\desktop\programming\gameloft\programming\soloud\debug\soloud_flangerfilter.obj
c:\users\quy co\desktop\programming\gameloft\programming\soloud\debug\soloud_fftfilter.obj
c:\users\quy co\desktop\programming\gameloft\programming\soloud\debug\soloud_echofilter.obj
c:\users\quy co\desktop\programming\gameloft\programming\soloud\debug\soloud_dcremovalfilter.obj
c:\users\quy co\desktop\programming\gameloft\programming\soloud\debug\soloud_biquadresonantfilter.obj
c:\users\quy co\desktop\programming\gameloft\programming\soloud\debug\soloud_bassboostfilter.obj
c:\users\quy co\desktop\programming\gameloft\programming\soloud\debug\soloud_c.obj
c:\users\quy co\desktop\programming\gameloft\programming\soloud\debug\soloud_thread.obj
c:\users\quy co\desktop\programming\gameloft\programming\soloud\debug\soloud_queue.obj
c:\users\quy co\desktop\programming\gameloft\programming\soloud\debug\soloud_filter.obj
c:\users\quy co\desktop\programming\gameloft\programming\soloud\debug\soloud_file.obj
c:\users\quy co\desktop\programming\gameloft\programming\soloud\debug\soloud_fft_lut.obj
c:\users\quy co\desktop\programming\gameloft\programming\soloud\debug\soloud_fft.obj
c:\users\quy co\desktop\programming\gameloft\programming\soloud\debug\tedsound.obj
c:\users\quy co\desktop\programming\gameloft\programming\soloud\debug\tedplay.obj
c:\users\quy co\desktop\programming\gameloft\programming\soloud\debug\tedmem.obj
c:\users\quy co\desktop\programming\gameloft\programming\soloud\debug\cpu.obj
c:\users\quy co\desktop\programming\gameloft\programming\soloud\debug\cbmtune.obj
c:\users\quy co\desktop\programming\gameloft\programming\soloud\debug\stb_image_write.obj
c:\users\quy co\desktop\programming\gameloft\programming\soloud\debug\soloud_sdl2_dll.obj
c:\users\quy co\desktop\programming\gameloft\programming\soloud\debug\soloud_sdl1_dll.obj
c:\users\quy co\desktop\programming\gameloft\programming\soloud\debug\soloud_portaudio_dll.obj
c:\users\quy co\desktop\programming\gameloft\programming\soloud\debug\stb_vorbis.obj
c:\users\quy co\desktop\programming\gameloft\programming\soloud\debug\soloud_openmpt_dll.obj
c:\users\quy co\desktop\programming\gameloft\programming\soloud\debug\soloud.lib
c:\users\quy co\desktop\programming\gameloft\programming\soloud\debug\soloud.tlog\cl.command.1.tlog
c:\users\quy co\desktop\programming\gameloft\programming\soloud\debug\soloud.tlog\cl.read.1.tlog
c:\users\quy co\desktop\programming\gameloft\programming\soloud\debug\soloud.tlog\cl.write.1.tlog
c:\users\quy co\desktop\programming\gameloft\programming\soloud\debug\soloud.tlog\lib-link.read.1.tlog
c:\users\quy co\desktop\programming\gameloft\programming\soloud\debug\soloud.tlog\lib-link.write.1.tlog
c:\users\quy co\desktop\programming\gameloft\programming\soloud\debug\soloud.tlog\lib.command.1.tlog
